0 info it worked if it ends with ok
1 verbose cli [ 'C:\\Program Files (x86)\\nodejs\\node.exe',
1 verbose cli   'C:\\Program Files (x86)\\nodejs\\node_modules\\npm\\bin\\npm-cli.js',
1 verbose cli   'start',
1 verbose cli   'nodemon' ]
2 info using npm@3.10.10
3 info using node@v6.10.0
4 verbose run-script [ 'prestart', 'start', 'poststart' ]
5 info lifecycle opd-module@1.0.0~prestart: opd-module@1.0.0
6 silly lifecycle opd-module@1.0.0~prestart: no script for prestart, continuing
7 info lifecycle opd-module@1.0.0~start: opd-module@1.0.0
8 verbose lifecycle opd-module@1.0.0~start: unsafe-perm in lifecycle true
9 verbose lifecycle opd-module@1.0.0~start: PATH: C:\Program Files (x86)\nodejs\node_modules\npm\bin\node-gyp-bin;E:\git-repository-opd\branches\munsif\opd-module\node_modules\.bin;C:\Program Files (x86)\Intel\iCLS Client\;C:\Program Files\Intel\iCLS Client\;C:\ProgramData\Oracle\Java\javapath;c:\Program Files (x86)\NVIDIA Corporation\PhysX\Common;C:\WINDOWS\system32;C:\WINDOWS;C:\WINDOWS\System32\Wbem;C:\WINDOWS\System32\WindowsPowerShell\v1.0\;C:\Program Files\Intel\Intel(R) Management Engine Components\DAL;C:\Program Files (x86)\Intel\Intel(R) Management Engine Components\DAL;C:\Program Files\Intel\Intel(R) Management Engine Components\IPT;C:\Program Files (x86)\Intel\Intel(R) Management Engine Components\IPT;C:\Program Files (x86)\MySQL\MySQL Fabric 1.5 & MySQL Utilities 1.5\;C:\Program Files (x86)\MySQL\MySQL Fabric 1.5 & MySQL Utilities 1.5\Doctrine extensions for PHP\;C:\Program Files (x86)\Skype\Phone\;C:\Program Files\Microsoft SQL Server\110\Tools\Binn\;C:\Program Files (x86)\Brackets\command;C:\Program Files (x86)\Windows Kits\8.1\Windows Performance Toolkit\;C:\Program Files\Microsoft SQL Server\120\Tools\Binn\;C:\Program Files (x86)\Microsoft SQL Server\110\Tools\Binn\;C:\Program Files\Microsoft SQL Server\110\DTS\Binn\;C:\Program Files (x86)\Microsoft SQL Server\110\Tools\Binn\ManagementStudio\;C:\Program Files (x86)\Microsoft SQL Server\110\DTS\Binn\;C:\Dwimperl\perl\bin;C:\Dwimperl\perl\site\bin;C:\Dwimperl\c\bin;C:\Program Files (x86)\nodejs\;C:\Program Files\Java\jre1.8.0_111;C:\Program Files (x86)\Java\jre1.8.0_121;C:\Program Files (x86)\Java\jre1.8.0_121\bin;C:\Program Files\Git\cmd;C:\Program Files\PuTTY\;C:\Program Files\TortoiseSVN\bin;C:\Program Files\Java\jdk1.8.0_121\bin;C:\Users\User\AppData\Local\Microsoft\WindowsApps;C:\Users\User\AppData\Local\atom\bin;C:\Users\User\AppData\Roaming\npm;C:\Program Files (x86)\Microsoft VS Code\bin;C:\Program Files\MongoDB\Server\3.4\bin
10 verbose lifecycle opd-module@1.0.0~start: CWD: E:\git-repository-opd\branches\munsif\opd-module
11 silly lifecycle opd-module@1.0.0~start: Args: [ '/d /s /c', 'node server.js "nodemon"' ]
12 silly lifecycle opd-module@1.0.0~start: Returned: code: 3221225786  signal: null
13 info lifecycle opd-module@1.0.0~start: Failed to exec start script
14 verbose stack Error: opd-module@1.0.0 start: `node server.js "nodemon"`
14 verbose stack Exit status 3221225786
14 verbose stack     at EventEmitter.<anonymous> (C:\Program Files (x86)\nodejs\node_modules\npm\lib\utils\lifecycle.js:255:16)
14 verbose stack     at emitTwo (events.js:106:13)
14 verbose stack     at EventEmitter.emit (events.js:191:7)
14 verbose stack     at ChildProcess.<anonymous> (C:\Program Files (x86)\nodejs\node_modules\npm\lib\utils\spawn.js:40:14)
14 verbose stack     at emitTwo (events.js:106:13)
14 verbose stack     at ChildProcess.emit (events.js:191:7)
14 verbose stack     at maybeClose (internal/child_process.js:877:16)
14 verbose stack     at Process.ChildProcess._handle.onexit (internal/child_process.js:226:5)
15 verbose pkgid opd-module@1.0.0
16 verbose cwd E:\git-repository-opd\branches\munsif\opd-module
17 error Windows_NT 10.0.14393
18 error argv "C:\\Program Files (x86)\\nodejs\\node.exe" "C:\\Program Files (x86)\\nodejs\\node_modules\\npm\\bin\\npm-cli.js" "start" "nodemon"
19 error node v6.10.0
20 error npm  v3.10.10
21 error code ELIFECYCLE
22 error opd-module@1.0.0 start: `node server.js "nodemon"`
22 error Exit status 3221225786
23 error Failed at the opd-module@1.0.0 start script 'node server.js "nodemon"'.
23 error Make sure you have the latest version of node.js and npm installed.
23 error If you do, this is most likely a problem with the opd-module package,
23 error not with npm itself.
23 error Tell the author that this fails on your system:
23 error     node server.js "nodemon"
23 error You can get information on how to open an issue for this project with:
23 error     npm bugs opd-module
23 error Or if that isn't available, you can get their info via:
23 error     npm owner ls opd-module
23 error There is likely additional logging output above.
24 verbose exit [ 1, true ]
